This is pdfTeX, Version 3.14159265-2.6-1.40.21 (MiKTeX 20.12) (preloaded format=pdflatex 2020.12.19)  23 DEC 2020 13:50
entering extended mode
**./correlation.tex
(correlation.tex
LaTeX2e <2020-10-01> patch level 2
L3 programming layer <2020-12-07> xparse <2020-03-03>
("C:\Users\liux3141\AppData\Local\Programs\MiKTeX 2.9\tex/latex/revtex\revtex4-
2.cls"
Document Class: revtex4-2 2020/10/03 4.2e (https://journals.aps.org/revtex/ for
 documentation)
 Copyright (c) 2019 American Physical Society.
 mailto:revtex@aps.org
 Licensed under the LPPL:
http://www.ctan.org/tex-archive/macros/latex/base/lppl.txt
 Arthur Ogawa <arthur_ogawa at sbcglobal dot net>
 Based on work by David Carlisle <david at dcarlisle.demon.co.uk>
 Version (4.2d,4.2e): Modified by Mark Doyle and Phelype Oleinik
 .
ltxutil[2020/10/03 4.2e utilities package (portions licensed from W. E. Baxter 
web at superscript.com)]
LaTeX Info: Redefining \@centercr on input line 356.
Class revtex4-2 Info: Repairing broken LaTeX eqnarray on input line 406.
\eqncolsep=\skip47
Class revtex4-2 Info: Repairing hyperref-unfriendly LaTeX definition of \mpfoot
note on input line 481.
Class revtex4-2 Info: Repairing broken LateX \@sect on input line 803.
\intertabularlinepenalty=\count177
\@tbpen=\count178
\@arstrutbox@hline=\box47
Class revtex4-2 Info: Repairing broken LaTeX \@xbitor on input line 1834.
Class revtex4-2 Info: Making \typeout \long on input line 2099.
ltxfront[2020/10/03 4.2e frontmatter package (AO,DPC,MD)]
\c@affil=\count179
\c@collab=\count180
\absbox=\box48
ltxgrid[2020/10/03 4.2e page grid package (portions licensed from W. E. Baxter 
web at superscript.com)]
\c@linecount=\count181
\output@latex=\toks15
\box@size@1=\box49
\box@size@2=\box50
\@protection@box=\box51
\@topmark@saved=\toks16
\footins@saved=\box52
\footins@recovered=\box53
\column@recovered=\box54
\pagesofar=\box55
\footsofar=\box56
\pagegrid@col=\count182
Class revtex4-2 Info: Overriding \@vspace, \@vspacer, \@no@pgbk, \@newline, and
 \\  on input line 5665.
\c@part=\count183
\c@section=\count184
\c@subsection=\count185
\c@subsubsection=\count186
\c@paragraph=\count187
\c@subparagraph=\count188
\abovecaptionskip=\skip48
\belowcaptionskip=\skip49
\c@figure=\count189
\fbox@1=\box57
\c@table=\count190
\fbox@2=\box58
\c@video=\count191
\fbox@4=\box59
\@bibdataout=\write3
\widetext@top=\box60
\widetext@bot=\box61
Class revtex4-2 Info: Selecting society aps on input line 7658.

("C:\Users\liux3141\AppData\Local\Programs\MiKTeX 2.9\tex/latex/revtex\aps4-2.r
tx"
File: aps4-2 2020/10/03 4.2e (https://journals.aps.org/revtex/ for documentatio
n)
Class revtex4-2 Info: RevTeX society APS selected on input line 40.
)
Class revtex4-2 Info: Selecting journal prx on input line 7660.
Class revtex4-2 Info: APS journal PRX selected on input line 7661.


Class revtex4-2 Warning: No type size specified, using default 10.


("C:\Users\liux3141\AppData\Local\Programs\MiKTeX 2.9\tex/latex/revtex\aps10pt4
-2.rtx"
File: aps10pt4-2 2020/10/03 4.2e (https://journals.aps.org/revtex/ for document
ation)
Class revtex4-2 Info: RevTeX pointsize 10pt selected on input line 39.
)
("C:\Users\liux3141\AppData\Local\Programs\MiKTeX 2.9\tex/latex/textcase\textca
se.sty"
Package: textcase 2019/09/14 v1.00 Text only upper/lower case changing (DPC)
)
("C:\Users\liux3141\AppData\Local\Programs\MiKTeX 2.9\tex/latex/amsfonts\amssym
b.sty"
Package: amssymb 2013/01/14 v3.01 AMS font symbols

("C:\Users\liux3141\AppData\Local\Programs\MiKTeX 2.9\tex/latex/amsfonts\amsfon
ts.sty"
Package: amsfonts 2013/01/14 v3.01 Basic AMSFonts support
\@emptytoks=\toks17
\symAMSa=\mathgroup4
\symAMSb=\mathgroup5
LaTeX Font Info:    Redeclaring math symbol \hbar on input line 98.
LaTeX Font Info:    Overwriting math alphabet `\mathfrak' in version `bold'
(Font)                  U/euf/m/n --> U/euf/b/n on input line 106.
))
("C:\Users\liux3141\AppData\Local\Programs\MiKTeX 2.9\tex/latex/amsmath\amsmath
.sty"
Package: amsmath 2020/09/23 v2.17i AMS math features
\@mathmargin=\skip50

For additional information on amsmath, use the `?' option.

("C:\Users\liux3141\AppData\Local\Programs\MiKTeX 2.9\tex/latex/amsmath\amstext
.sty"
Package: amstext 2000/06/29 v2.01 AMS text

("C:\Users\liux3141\AppData\Local\Programs\MiKTeX 2.9\tex/latex/amsmath\amsgen.
sty"
File: amsgen.sty 1999/11/30 v2.0 generic functions
\@emptytoks=\toks18
\ex@=\dimen138
)
LaTeX Info: Redefining \text on input line 28.
)
("C:\Users\liux3141\AppData\Local\Programs\MiKTeX 2.9\tex/latex/amsmath\amsbsy.
sty"
Package: amsbsy 1999/11/29 v1.2d Bold Symbols
\pmbraise@=\dimen139
)
("C:\Users\liux3141\AppData\Local\Programs\MiKTeX 2.9\tex/latex/amsmath\amsopn.
sty"
Package: amsopn 2016/03/08 v2.02 operator names
)
\inf@bad=\count192
LaTeX Info: Redefining \frac on input line 234.
\uproot@=\count193
\leftroot@=\count194
LaTeX Info: Redefining \overline on input line 399.
\classnum@=\count195
\DOTSCASE@=\count196
LaTeX Info: Redefining \ldots on input line 496.
LaTeX Info: Redefining \dots on input line 499.
LaTeX Info: Redefining \cdots on input line 620.
\Mathstrutbox@=\box62
\strutbox@=\box63
\big@size=\dimen140
LaTeX Font Info:    Redeclaring font encoding OML on input line 743.
LaTeX Font Info:    Redeclaring font encoding OMS on input line 744.
\macc@depth=\count197
\c@MaxMatrixCols=\count198
\dotsspace@=\muskip16
\c@parentequation=\count199
\dspbrk@lvl=\count266
\tag@help=\toks19
\row@=\count267
\column@=\count268
\maxfields@=\count269
\andhelp@=\toks20
\eqnshift@=\dimen141
\alignsep@=\dimen142
\tagshift@=\dimen143
\tagwidth@=\dimen144
\totwidth@=\dimen145
\lineht@=\dimen146
\@envbody=\toks21
\multlinegap=\skip51
\multlinetaggap=\skip52
\mathdisplay@stack=\toks22
LaTeX Info: Redefining \[ on input line 2923.
LaTeX Info: Redefining \] on input line 2924.
)
("C:\Users\liux3141\AppData\Local\Programs\MiKTeX 2.9\tex/latex/url\url.sty"
\Urlmuskip=\muskip17
Package: url 2013/09/16  ver 3.4  Verb mode for urls, etc.
)
("C:\Users\liux3141\AppData\Local\Programs\MiKTeX 2.9\tex/latex/natbib\natbib.s
ty"
Package: natbib 2010/09/13 8.31b (PWD, AO)
\bibhang=\skip53
\bibsep=\skip54
LaTeX Info: Redefining \cite on input line 694.
\c@NAT@ctr=\count270
)
Class revtex4-2 Info: Repairing natbib's \BibitemShut on input line 7665.

("C:\Users\liux3141\AppData\Local\Programs\MiKTeX 2.9\tex/latex/revtex\revsymb4
-2.sty"
Package: revsymb4-2 2020/10/03 4.2e (https://journals.aps.org/revtex/ for docum
entation)
LaTeX Info: Redefining \frak on input line 104.
LaTeX Info: Redefining \Bbb on input line 120.
LaTeX Info: Redefining \REV@mathfrak on input line 128.
))
("C:\Users\liux3141\AppData\Local\Programs\MiKTeX 2.9\tex/latex/graphics\graphi
cx.sty"
Package: graphicx 2020/09/09 v1.2b Enhanced LaTeX Graphics (DPC,SPQR)

("C:\Users\liux3141\AppData\Local\Programs\MiKTeX 2.9\tex/latex/graphics\keyval
.sty"
Package: keyval 2014/10/28 v1.15 key=value parser (DPC)
\KV@toks@=\toks23
)
("C:\Users\liux3141\AppData\Local\Programs\MiKTeX 2.9\tex/latex/graphics\graphi
cs.sty"
Package: graphics 2020/08/30 v1.4c Standard LaTeX Graphics (DPC,SPQR)

("C:\Users\liux3141\AppData\Local\Programs\MiKTeX 2.9\tex/latex/graphics\trig.s
ty"
Package: trig 2016/01/03 v1.10 sin cos tan (DPC)
)
("C:\Users\liux3141\AppData\Local\Programs\MiKTeX 2.9\tex/latex/graphics-cfg\gr
aphics.cfg"
File: graphics.cfg 2016/06/04 v1.11 sample graphics configuration
)
Package graphics Info: Driver file: pdftex.def on input line 105.

("C:\Users\liux3141\AppData\Local\Programs\MiKTeX 2.9\tex/latex/graphics-def\pd
ftex.def"
File: pdftex.def 2020/10/05 v1.2a Graphics/color driver for pdftex
))
\Gin@req@height=\dimen147
\Gin@req@width=\dimen148
)
("C:\Users\liux3141\AppData\Local\Programs\MiKTeX 2.9\tex/latex/tools\dcolumn.s
ty"
Package: dcolumn 2014/10/28 v1.06 decimal alignment package (DPC)

("C:\Users\liux3141\AppData\Local\Programs\MiKTeX 2.9\tex/latex/tools\array.sty
"
Package: array 2019/08/31 v2.4l Tabular extension package (FMi)
\col@sep=\dimen149
\ar@mcellbox=\box64
\extrarowheight=\dimen150
\NC@list=\toks24
\extratabsurround=\skip55
\backup@length=\skip56
\ar@cellbox=\box65
)) ("C:\Users\liux3141\AppData\Local\Programs\MiKTeX 2.9\tex/latex/tools\bm.sty
"
Package: bm 2019/07/24 v1.2d Bold Symbol Support (DPC/FMi)
\symboldoperators=\mathgroup6
\symboldletters=\mathgroup7
\symboldsymbols=\mathgroup8
LaTeX Font Info:    Redeclaring math alphabet \mathbf on input line 141.
LaTeX Info: Redefining \bm on input line 209.
)
("C:\Users\liux3141\AppData\Local\Programs\MiKTeX 2.9\tex/latex/xcolor\xcolor.s
ty"
Package: xcolor 2016/05/11 v2.12 LaTeX color extensions (UK)

("C:\Users\liux3141\AppData\Local\Programs\MiKTeX 2.9\tex/latex/graphics-cfg\co
lor.cfg"
File: color.cfg 2016/01/02 v1.6 sample color configuration
)
Package xcolor Info: Driver file: pdftex.def on input line 225.
Package xcolor Info: Model `cmy' substituted by `cmy0' on input line 1348.
Package xcolor Info: Model `hsb' substituted by `rgb' on input line 1352.
Package xcolor Info: Model `RGB' extended on input line 1364.
Package xcolor Info: Model `HTML' substituted by `rgb' on input line 1366.
Package xcolor Info: Model `Hsb' substituted by `hsb' on input line 1367.
Package xcolor Info: Model `tHsb' substituted by `hsb' on input line 1368.
Package xcolor Info: Model `HSB' substituted by `hsb' on input line 1369.
Package xcolor Info: Model `Gray' substituted by `gray' on input line 1370.
Package xcolor Info: Model `wave' substituted by `hsb' on input line 1371.
)
("C:\Users\liux3141\AppData\Local\Programs\MiKTeX 2.9\tex/latex/tabu\tabu.sty"
Package: tabu 2019/01/11 v2.9 - flexible LaTeX tabulars (FC+tabu-fixed)

("C:\Users\liux3141\AppData\Local\Programs\MiKTeX 2.9\tex/latex/varwidth\varwid
th.sty"
Package: varwidth 2009/03/30 ver 0.92;  Variable-width minipages
\@vwid@box=\box66
\sift@deathcycles=\count271
\@vwid@loff=\dimen151
\@vwid@roff=\dimen152
)
\c@taburow=\count272
\tabu@nbcols=\count273
\tabu@cnt=\count274
\tabu@Xcol=\count275
\tabu@alloc=\count276
\tabu@nested=\count277
\tabu@target=\dimen153
\tabu@spreadtarget=\dimen154
\tabu@naturalX=\dimen155
\tabucolX=\dimen156
\tabu@Xsum=\dimen157
\extrarowdepth=\dimen158
\abovetabulinesep=\dimen159
\belowtabulinesep=\dimen160
\tabustrutrule=\dimen161
\tabu@thebody=\toks25
\tabu@footnotes=\toks26
\tabu@box=\box67
\tabu@arstrutbox=\box68
\tabu@hleads=\box69
\tabu@vleads=\box70
\tabu@cellskip=\skip57
)
("C:\Users\liux3141\AppData\Local\Programs\MiKTeX 2.9\tex/latex/multirow\multir
ow.sty"
Package: multirow 2019/05/31 v2.5 Span multiple rows of a table
\multirow@colwidth=\skip58
\multirow@cntb=\count278
\multirow@dima=\skip59
\bigstrutjot=\dimen162
)
("C:\Users\liux3141\AppData\Local\Programs\MiKTeX 2.9\tex/latex/amscls\amsthm.s
ty"
Package: amsthm 2020/05/29 v2.20.6
\thm@style=\toks27
\thm@bodyfont=\toks28
\thm@headfont=\toks29
\thm@notefont=\toks30
\thm@headpunct=\toks31
\thm@preskip=\skip60
\thm@postskip=\skip61
\thm@headsep=\skip62
\dth@everypar=\toks32
)
("C:\Users\liux3141\AppData\Local\Programs\MiKTeX 2.9\tex/latex/base\textcomp.s
ty"
Package: textcomp 2020/02/02 v2.0n Standard LaTeX package
)
("C:\Users\liux3141\AppData\Local\Programs\MiKTeX 2.9\tex/latex/pgf/frontendlay
er\tikz.sty"
("C:\Users\liux3141\AppData\Local\Programs\MiKTeX 2.9\tex/latex/pgf/basiclayer\
pgf.sty"
("C:\Users\liux3141\AppData\Local\Programs\MiKTeX 2.9\tex/latex/pgf/utilities\p
gfrcs.sty"
("C:\Users\liux3141\AppData\Local\Programs\MiKTeX 2.9\tex/generic/pgf/utilities
\pgfutil-common.tex"
\pgfutil@everybye=\toks33
\pgfutil@tempdima=\dimen163
\pgfutil@tempdimb=\dimen164

("C:\Users\liux3141\AppData\Local\Programs\MiKTeX 2.9\tex/generic/pgf/utilities
\pgfutil-common-lists.tex"))
("C:\Users\liux3141\AppData\Local\Programs\MiKTeX 2.9\tex/generic/pgf/utilities
\pgfutil-latex.def"
\pgfutil@abb=\box71
)
("C:\Users\liux3141\AppData\Local\Programs\MiKTeX 2.9\tex/generic/pgf/utilities
\pgfrcs.code.tex"
("C:\Users\liux3141\AppData\Local\Programs\MiKTeX 2.9\tex/generic/pgf\pgf.revis
ion.tex")
Package: pgfrcs 2020/12/01 v3.1.7a (3.1.7a)
))
Package: pgf 2020/12/01 v3.1.7a (3.1.7a)

("C:\Users\liux3141\AppData\Local\Programs\MiKTeX 2.9\tex/latex/pgf/basiclayer\
pgfcore.sty"
("C:\Users\liux3141\AppData\Local\Programs\MiKTeX 2.9\tex/latex/pgf/systemlayer
\pgfsys.sty"
("C:\Users\liux3141\AppData\Local\Programs\MiKTeX 2.9\tex/generic/pgf/systemlay
er\pgfsys.code.tex"
Package: pgfsys 2020/12/01 v3.1.7a (3.1.7a)

("C:\Users\liux3141\AppData\Local\Programs\MiKTeX 2.9\tex/generic/pgf/utilities
\pgfkeys.code.tex"
\pgfkeys@pathtoks=\toks34
\pgfkeys@temptoks=\toks35

("C:\Users\liux3141\AppData\Local\Programs\MiKTeX 2.9\tex/generic/pgf/utilities
\pgfkeysfiltered.code.tex"
\pgfkeys@tmptoks=\toks36
))
\pgf@x=\dimen165
\pgf@y=\dimen166
\pgf@xa=\dimen167
\pgf@ya=\dimen168
\pgf@xb=\dimen169
\pgf@yb=\dimen170
\pgf@xc=\dimen171
\pgf@yc=\dimen172
\pgf@xd=\dimen173
\pgf@yd=\dimen174
\w@pgf@writea=\write4
\r@pgf@reada=\read2
\c@pgf@counta=\count279
\c@pgf@countb=\count280
\c@pgf@countc=\count281
\c@pgf@countd=\count282
\t@pgf@toka=\toks37
\t@pgf@tokb=\toks38
\t@pgf@tokc=\toks39
\pgf@sys@id@count=\count283

("C:\Users\liux3141\AppData\Local\Programs\MiKTeX 2.9\tex/generic/pgf/systemlay
er\pgf.cfg"
File: pgf.cfg 2020/12/01 v3.1.7a (3.1.7a)
)
Driver file for pgf: pgfsys-pdftex.def

("C:\Users\liux3141\AppData\Local\Programs\MiKTeX 2.9\tex/generic/pgf/systemlay
er\pgfsys-pdftex.def"
File: pgfsys-pdftex.def 2020/12/01 v3.1.7a (3.1.7a)

("C:\Users\liux3141\AppData\Local\Programs\MiKTeX 2.9\tex/generic/pgf/systemlay
er\pgfsys-common-pdf.def"
File: pgfsys-common-pdf.def 2020/12/01 v3.1.7a (3.1.7a)
)))
("C:\Users\liux3141\AppData\Local\Programs\MiKTeX 2.9\tex/generic/pgf/systemlay
er\pgfsyssoftpath.code.tex"
File: pgfsyssoftpath.code.tex 2020/12/01 v3.1.7a (3.1.7a)
\pgfsyssoftpath@smallbuffer@items=\count284
\pgfsyssoftpath@bigbuffer@items=\count285
)
("C:\Users\liux3141\AppData\Local\Programs\MiKTeX 2.9\tex/generic/pgf/systemlay
er\pgfsysprotocol.code.tex"
File: pgfsysprotocol.code.tex 2020/12/01 v3.1.7a (3.1.7a)
))
("C:\Users\liux3141\AppData\Local\Programs\MiKTeX 2.9\tex/generic/pgf/basiclaye
r\pgfcore.code.tex"
Package: pgfcore 2020/12/01 v3.1.7a (3.1.7a)

("C:\Users\liux3141\AppData\Local\Programs\MiKTeX 2.9\tex/generic/pgf/math\pgfm
ath.code.tex"
("C:\Users\liux3141\AppData\Local\Programs\MiKTeX 2.9\tex/generic/pgf/math\pgfm
athcalc.code.tex"
("C:\Users\liux3141\AppData\Local\Programs\MiKTeX 2.9\tex/generic/pgf/math\pgfm
athutil.code.tex")
("C:\Users\liux3141\AppData\Local\Programs\MiKTeX 2.9\tex/generic/pgf/math\pgfm
athparser.code.tex"
\pgfmath@dimen=\dimen175
\pgfmath@count=\count286
\pgfmath@box=\box72
\pgfmath@toks=\toks40
\pgfmath@stack@operand=\toks41
\pgfmath@stack@operation=\toks42
)
("C:\Users\liux3141\AppData\Local\Programs\MiKTeX 2.9\tex/generic/pgf/math\pgfm
athfunctions.code.tex"
("C:\Users\liux3141\AppData\Local\Programs\MiKTeX 2.9\tex/generic/pgf/math\pgfm
athfunctions.basic.code.tex")
("C:\Users\liux3141\AppData\Local\Programs\MiKTeX 2.9\tex/generic/pgf/math\pgfm
athfunctions.trigonometric.code.tex")
("C:\Users\liux3141\AppData\Local\Programs\MiKTeX 2.9\tex/generic/pgf/math\pgfm
athfunctions.random.code.tex")
("C:\Users\liux3141\AppData\Local\Programs\MiKTeX 2.9\tex/generic/pgf/math\pgfm
athfunctions.comparison.code.tex")
("C:\Users\liux3141\AppData\Local\Programs\MiKTeX 2.9\tex/generic/pgf/math\pgfm
athfunctions.base.code.tex")
("C:\Users\liux3141\AppData\Local\Programs\MiKTeX 2.9\tex/generic/pgf/math\pgfm
athfunctions.round.code.tex")
("C:\Users\liux3141\AppData\Local\Programs\MiKTeX 2.9\tex/generic/pgf/math\pgfm
athfunctions.misc.code.tex")
("C:\Users\liux3141\AppData\Local\Programs\MiKTeX 2.9\tex/generic/pgf/math\pgfm
athfunctions.integerarithmetics.code.tex")))
("C:\Users\liux3141\AppData\Local\Programs\MiKTeX 2.9\tex/generic/pgf/math\pgfm
athfloat.code.tex"
\c@pgfmathroundto@lastzeros=\count287
))
("C:\Users\liux3141\AppData\Local\Programs\MiKTeX 2.9\tex/generic/pgf/math\pgfi
nt.code.tex")
("C:\Users\liux3141\AppData\Local\Programs\MiKTeX 2.9\tex/generic/pgf/basiclaye
r\pgfcorepoints.code.tex"
File: pgfcorepoints.code.tex 2020/12/01 v3.1.7a (3.1.7a)
\pgf@picminx=\dimen176
\pgf@picmaxx=\dimen177
\pgf@picminy=\dimen178
\pgf@picmaxy=\dimen179
\pgf@pathminx=\dimen180
\pgf@pathmaxx=\dimen181
\pgf@pathminy=\dimen182
\pgf@pathmaxy=\dimen183
\pgf@xx=\dimen184
\pgf@xy=\dimen185
\pgf@yx=\dimen186
\pgf@yy=\dimen187
\pgf@zx=\dimen188
\pgf@zy=\dimen189
)
("C:\Users\liux3141\AppData\Local\Programs\MiKTeX 2.9\tex/generic/pgf/basiclaye
r\pgfcorepathconstruct.code.tex"
File: pgfcorepathconstruct.code.tex 2020/12/01 v3.1.7a (3.1.7a)
\pgf@path@lastx=\dimen190
\pgf@path@lasty=\dimen191
)
("C:\Users\liux3141\AppData\Local\Programs\MiKTeX 2.9\tex/generic/pgf/basiclaye
r\pgfcorepathusage.code.tex"
File: pgfcorepathusage.code.tex 2020/12/01 v3.1.7a (3.1.7a)
\pgf@shorten@end@additional=\dimen192
\pgf@shorten@start@additional=\dimen193
)
("C:\Users\liux3141\AppData\Local\Programs\MiKTeX 2.9\tex/generic/pgf/basiclaye
r\pgfcorescopes.code.tex"
File: pgfcorescopes.code.tex 2020/12/01 v3.1.7a (3.1.7a)
\pgfpic=\box73
\pgf@hbox=\box74
\pgf@layerbox@main=\box75
\pgf@picture@serial@count=\count288
)
("C:\Users\liux3141\AppData\Local\Programs\MiKTeX 2.9\tex/generic/pgf/basiclaye
r\pgfcoregraphicstate.code.tex"
File: pgfcoregraphicstate.code.tex 2020/12/01 v3.1.7a (3.1.7a)
\pgflinewidth=\dimen194
)
("C:\Users\liux3141\AppData\Local\Programs\MiKTeX 2.9\tex/generic/pgf/basiclaye
r\pgfcoretransformations.code.tex"
File: pgfcoretransformations.code.tex 2020/12/01 v3.1.7a (3.1.7a)
\pgf@pt@x=\dimen195
\pgf@pt@y=\dimen196
\pgf@pt@temp=\dimen197
)
("C:\Users\liux3141\AppData\Local\Programs\MiKTeX 2.9\tex/generic/pgf/basiclaye
r\pgfcorequick.code.tex"
File: pgfcorequick.code.tex 2020/12/01 v3.1.7a (3.1.7a)
)
("C:\Users\liux3141\AppData\Local\Programs\MiKTeX 2.9\tex/generic/pgf/basiclaye
r\pgfcoreobjects.code.tex"
File: pgfcoreobjects.code.tex 2020/12/01 v3.1.7a (3.1.7a)
)
("C:\Users\liux3141\AppData\Local\Programs\MiKTeX 2.9\tex/generic/pgf/basiclaye
r\pgfcorepathprocessing.code.tex"
File: pgfcorepathprocessing.code.tex 2020/12/01 v3.1.7a (3.1.7a)
)
("C:\Users\liux3141\AppData\Local\Programs\MiKTeX 2.9\tex/generic/pgf/basiclaye
r\pgfcorearrows.code.tex"
File: pgfcorearrows.code.tex 2020/12/01 v3.1.7a (3.1.7a)
\pgfarrowsep=\dimen198
)
("C:\Users\liux3141\AppData\Local\Programs\MiKTeX 2.9\tex/generic/pgf/basiclaye
r\pgfcoreshade.code.tex"
File: pgfcoreshade.code.tex 2020/12/01 v3.1.7a (3.1.7a)
\pgf@max=\dimen199
\pgf@sys@shading@range@num=\count289
\pgf@shadingcount=\count290
)
("C:\Users\liux3141\AppData\Local\Programs\MiKTeX 2.9\tex/generic/pgf/basiclaye
r\pgfcoreimage.code.tex"
File: pgfcoreimage.code.tex 2020/12/01 v3.1.7a (3.1.7a)

("C:\Users\liux3141\AppData\Local\Programs\MiKTeX 2.9\tex/generic/pgf/basiclaye
r\pgfcoreexternal.code.tex"
File: pgfcoreexternal.code.tex 2020/12/01 v3.1.7a (3.1.7a)
\pgfexternal@startupbox=\box76
))
("C:\Users\liux3141\AppData\Local\Programs\MiKTeX 2.9\tex/generic/pgf/basiclaye
r\pgfcorelayers.code.tex"
File: pgfcorelayers.code.tex 2020/12/01 v3.1.7a (3.1.7a)
)
("C:\Users\liux3141\AppData\Local\Programs\MiKTeX 2.9\tex/generic/pgf/basiclaye
r\pgfcoretransparency.code.tex"
File: pgfcoretransparency.code.tex 2020/12/01 v3.1.7a (3.1.7a)
)
("C:\Users\liux3141\AppData\Local\Programs\MiKTeX 2.9\tex/generic/pgf/basiclaye
r\pgfcorepatterns.code.tex"
File: pgfcorepatterns.code.tex 2020/12/01 v3.1.7a (3.1.7a)
)
("C:\Users\liux3141\AppData\Local\Programs\MiKTeX 2.9\tex/generic/pgf/basiclaye
r\pgfcorerdf.code.tex"
File: pgfcorerdf.code.tex 2020/12/01 v3.1.7a (3.1.7a)
)))
("C:\Users\liux3141\AppData\Local\Programs\MiKTeX 2.9\tex/generic/pgf/modules\p
gfmoduleshapes.code.tex"
File: pgfmoduleshapes.code.tex 2020/12/01 v3.1.7a (3.1.7a)
\pgfnodeparttextbox=\box77
)
("C:\Users\liux3141\AppData\Local\Programs\MiKTeX 2.9\tex/generic/pgf/modules\p
gfmoduleplot.code.tex"
File: pgfmoduleplot.code.tex 2020/12/01 v3.1.7a (3.1.7a)
)
("C:\Users\liux3141\AppData\Local\Programs\MiKTeX 2.9\tex/latex/pgf/compatibili
ty\pgfcomp-version-0-65.sty"
Package: pgfcomp-version-0-65 2020/12/01 v3.1.7a (3.1.7a)
\pgf@nodesepstart=\dimen256
\pgf@nodesepend=\dimen257
)
("C:\Users\liux3141\AppData\Local\Programs\MiKTeX 2.9\tex/latex/pgf/compatibili
ty\pgfcomp-version-1-18.sty"
Package: pgfcomp-version-1-18 2020/12/01 v3.1.7a (3.1.7a)
))
("C:\Users\liux3141\AppData\Local\Programs\MiKTeX 2.9\tex/latex/pgf/utilities\p
gffor.sty"
("C:\Users\liux3141\AppData\Local\Programs\MiKTeX 2.9\tex/latex/pgf/utilities\p
gfkeys.sty"
("C:\Users\liux3141\AppData\Local\Programs\MiKTeX 2.9\tex/generic/pgf/utilities
\pgfkeys.code.tex"))
("C:\Users\liux3141\AppData\Local\Programs\MiKTeX 2.9\tex/latex/pgf/math\pgfmat
h.sty"
("C:\Users\liux3141\AppData\Local\Programs\MiKTeX 2.9\tex/generic/pgf/math\pgfm
ath.code.tex"))
("C:\Users\liux3141\AppData\Local\Programs\MiKTeX 2.9\tex/generic/pgf/utilities
\pgffor.code.tex"
Package: pgffor 2020/12/01 v3.1.7a (3.1.7a)

("C:\Users\liux3141\AppData\Local\Programs\MiKTeX 2.9\tex/generic/pgf/math\pgfm
ath.code.tex")
\pgffor@iter=\dimen258
\pgffor@skip=\dimen259
\pgffor@stack=\toks43
\pgffor@toks=\toks44
))
("C:\Users\liux3141\AppData\Local\Programs\MiKTeX 2.9\tex/generic/pgf/frontendl
ayer/tikz\tikz.code.tex"
Package: tikz 2020/12/01 v3.1.7a (3.1.7a)

("C:\Users\liux3141\AppData\Local\Programs\MiKTeX 2.9\tex/generic/pgf/libraries
\pgflibraryplothandlers.code.tex"
File: pgflibraryplothandlers.code.tex 2020/12/01 v3.1.7a (3.1.7a)
\pgf@plot@mark@count=\count291
\pgfplotmarksize=\dimen260
)
\tikz@lastx=\dimen261
\tikz@lasty=\dimen262
\tikz@lastxsaved=\dimen263
\tikz@lastysaved=\dimen264
\tikz@lastmovetox=\dimen265
\tikz@lastmovetoy=\dimen266
\tikzleveldistance=\dimen267
\tikzsiblingdistance=\dimen268
\tikz@figbox=\box78
\tikz@figbox@bg=\box79
\tikz@tempbox=\box80
\tikz@tempbox@bg=\box81
\tikztreelevel=\count292
\tikznumberofchildren=\count293
\tikznumberofcurrentchild=\count294
\tikz@fig@count=\count295

("C:\Users\liux3141\AppData\Local\Programs\MiKTeX 2.9\tex/generic/pgf/modules\p
gfmodulematrix.code.tex"
File: pgfmodulematrix.code.tex 2020/12/01 v3.1.7a (3.1.7a)
\pgfmatrixcurrentrow=\count296
\pgfmatrixcurrentcolumn=\count297
\pgf@matrix@numberofcolumns=\count298
)
\tikz@expandcount=\count299

("C:\Users\liux3141\AppData\Local\Programs\MiKTeX 2.9\tex/generic/pgf/frontendl
ayer/tikz/libraries\tikzlibrarytopaths.code.tex"
File: tikzlibrarytopaths.code.tex 2020/12/01 v3.1.7a (3.1.7a)
)))
("C:\Users\liux3141\AppData\Local\Programs\MiKTeX 2.9\tex/latex/hyperref\hyperr
ef.sty"
Package: hyperref 2020-05-15 v7.00e Hypertext links for LaTeX

("C:\Users\liux3141\AppData\Local\Programs\MiKTeX 2.9\tex/generic/ltxcmds\ltxcm
ds.sty"
Package: ltxcmds 2020-05-10 v1.25 LaTeX kernel commands for general use (HO)
)
("C:\Users\liux3141\AppData\Local\Programs\MiKTeX 2.9\tex/generic/iftex\iftex.s
ty"
Package: iftex 2020/03/06 v1.0d TeX engine tests
)
("C:\Users\liux3141\AppData\Local\Programs\MiKTeX 2.9\tex/generic/pdftexcmds\pd
ftexcmds.sty"
Package: pdftexcmds 2020-06-27 v0.33 Utility functions of pdfTeX for LuaTeX (HO
)

("C:\Users\liux3141\AppData\Local\Programs\MiKTeX 2.9\tex/generic/infwarerr\inf
warerr.sty"
Package: infwarerr 2019/12/03 v1.5 Providing info/warning/error messages (HO)
)
Package pdftexcmds Info: \pdf@primitive is available.
Package pdftexcmds Info: \pdf@ifprimitive is available.
Package pdftexcmds Info: \pdfdraftmode found.
)
("C:\Users\liux3141\AppData\Local\Programs\MiKTeX 2.9\tex/generic/kvsetkeys\kvs
etkeys.sty"
Package: kvsetkeys 2019/12/15 v1.18 Key value parser (HO)
)
("C:\Users\liux3141\AppData\Local\Programs\MiKTeX 2.9\tex/generic/kvdefinekeys\
kvdefinekeys.sty"
Package: kvdefinekeys 2019-12-19 v1.6 Define keys (HO)
)
("C:\Users\liux3141\AppData\Local\Programs\MiKTeX 2.9\tex/generic/pdfescape\pdf
escape.sty"
Package: pdfescape 2019/12/09 v1.15 Implements pdfTeX's escape features (HO)
)
("C:\Users\liux3141\AppData\Local\Programs\MiKTeX 2.9\tex/latex/hycolor\hycolor
.sty"
Package: hycolor 2020-01-27 v1.10 Color options for hyperref/bookmark (HO)
)
("C:\Users\liux3141\AppData\Local\Programs\MiKTeX 2.9\tex/latex/letltxmacro\let
ltxmacro.sty"
Package: letltxmacro 2019/12/03 v1.6 Let assignment for LaTeX macros (HO)
)
("C:\Users\liux3141\AppData\Local\Programs\MiKTeX 2.9\tex/latex/auxhook\auxhook
.sty"
Package: auxhook 2019-12-17 v1.6 Hooks for auxiliary files (HO)
)
("C:\Users\liux3141\AppData\Local\Programs\MiKTeX 2.9\tex/latex/kvoptions\kvopt
ions.sty"
Package: kvoptions 2020-10-07 v3.14 Key value format for package options (HO)
)
\@linkdim=\dimen269
\Hy@linkcounter=\count300
\Hy@pagecounter=\count301

("C:\Users\liux3141\AppData\Local\Programs\MiKTeX 2.9\tex/latex/hyperref\pd1enc
.def"
File: pd1enc.def 2020-05-15 v7.00e Hyperref: PDFDocEncoding definition (HO)
Now handling font encoding PD1 ...
... no UTF-8 mapping file for font encoding PD1
)
("C:\Users\liux3141\AppData\Local\Programs\MiKTeX 2.9\tex/generic/intcalc\intca
lc.sty"
Package: intcalc 2019/12/15 v1.3 Expandable calculations with integers (HO)
)
("C:\Users\liux3141\AppData\Local\Programs\MiKTeX 2.9\tex/generic/etexcmds\etex
cmds.sty"
Package: etexcmds 2019/12/15 v1.7 Avoid name clashes with e-TeX commands (HO)
)
\Hy@SavedSpaceFactor=\count302
Package hyperref Info: Option `colorlinks' set `true' on input line 4338.
Package hyperref Info: Hyper figures OFF on input line 4464.
Package hyperref Info: Link nesting OFF on input line 4469.
Package hyperref Info: Hyper index ON on input line 4472.
Package hyperref Info: Plain pages OFF on input line 4479.
Package hyperref Info: Backreferencing OFF on input line 4484.
Package hyperref Info: Implicit mode ON; LaTeX internals redefined.
Package hyperref Info: Bookmarks ON on input line 4717.
LaTeX Info: Redefining \href on input line 4987.
\c@Hy@tempcnt=\count303
LaTeX Info: Redefining \url on input line 5076.
\XeTeXLinkMargin=\dimen270

("C:\Users\liux3141\AppData\Local\Programs\MiKTeX 2.9\tex/generic/bitset\bitset
.sty"
Package: bitset 2019/12/09 v1.3 Handle bit-vector datatype (HO)

("C:\Users\liux3141\AppData\Local\Programs\MiKTeX 2.9\tex/generic/bigintcalc\bi
gintcalc.sty"
Package: bigintcalc 2019/12/15 v1.5 Expandable calculations on big integers (HO
)
))
\Fld@menulength=\count304
\Field@Width=\dimen271
\Fld@charsize=\dimen272
Package hyperref Info: Hyper figures OFF on input line 6347.
Package hyperref Info: Link nesting OFF on input line 6352.
Package hyperref Info: Hyper index ON on input line 6355.
Package hyperref Info: backreferencing OFF on input line 6362.
Package hyperref Info: Link coloring ON on input line 6365.
Package hyperref Info: Link coloring with OCG OFF on input line 6372.
Package hyperref Info: PDF/A mode OFF on input line 6377.
LaTeX Info: Redefining \ref on input line 6417.
LaTeX Info: Redefining \pageref on input line 6421.

("C:\Users\liux3141\AppData\Local\Programs\MiKTeX 2.9\tex/latex/base\atbegshi-l
tx.sty"
Package: atbegshi-ltx 2020/08/17 v1.0a Emulation of the original atbegshi packa
ge
with kernel methods
)
\Hy@abspage=\count305
\c@Item=\count306
\c@Hfootnote=\count307
)
Package hyperref Info: Driver (autodetected): hpdftex.

("C:\Users\liux3141\AppData\Local\Programs\MiKTeX 2.9\tex/latex/hyperref\hpdfte
x.def"
File: hpdftex.def 2020-05-15 v7.00e Hyperref driver for pdfTeX

("C:\Users\liux3141\AppData\Local\Programs\MiKTeX 2.9\tex/latex/base\atveryend-
ltx.sty"
Package: atveryend-ltx 2020/08/19 v1.0a Emulation of the original atvery packag
e
with kernel methods
)
\Fld@listcount=\count308
\c@bookmark@seq@number=\count309

("C:\Users\liux3141\AppData\Local\Programs\MiKTeX 2.9\tex/latex/rerunfilecheck\
rerunfilecheck.sty"
Package: rerunfilecheck 2019/12/05 v1.9 Rerun checks for auxiliary files (HO)

("C:\Users\liux3141\AppData\Local\Programs\MiKTeX 2.9\tex/generic/uniquecounter
\uniquecounter.sty"
Package: uniquecounter 2019/12/15 v1.4 Provide unlimited unique counter (HO)
)
Package uniquecounter Info: New unique counter `rerunfilecheck' on input line 2
86.
)
\Hy@SectionHShift=\skip63
)
Package hyperref Info: Option `bookmarksopen' set `true' on input line 15.

("C:\Users\liux3141\AppData\Local\Programs\MiKTeX 2.9\tex/latex/tools\xr.sty"
Package: xr 2019/07/22 v5.05 eXternal References (DPC)
)
("C:\Users\liux3141\AppData\Local\Programs\MiKTeX 2.9\tex/latex/float\float.sty
"
Package: float 2001/11/08 v1.3d Float enhancements (AL)
\c@float@type=\count310
\float@exts=\toks45
\float@box=\box82
\@float@everytoks=\toks46
\@floatcapt=\box83
) ("C:\Users\liux3141\AppData\Local\Programs\MiKTeX 2.9\tex/latex/ulem\ulem.sty
"
\UL@box=\box84
\UL@hyphenbox=\box85
\UL@skip=\skip64
\UL@hook=\toks47
\UL@height=\dimen273
\UL@pe=\count311
\UL@pixel=\dimen274
\ULC@box=\box86
Package: ulem 2019/11/18
\ULdepth=\dimen275
)
Class revtex4-2 Info: Unrecognized array package. Please update this document c
lass! (Proceeding with fingers crossed.) on input line 29.


Class revtex4-2 Warning: Repair the float package.

Class revtex4-2 Info: cite was not loaded (OK!) on input line 29.
Class revtex4-2 Info: mcite was not loaded (OK!) on input line 29.
Class revtex4-2 Info: multicol was not loaded (OK!) on input line 29.

("C:\Users\liux3141\AppData\Local\Programs\MiKTeX 2.9\tex/latex/l3backend\l3bac
kend-pdftex.def"
File: l3backend-pdftex.def 2020-09-24 L3 backend support: PDF output (pdfTeX)
\l__kernel_color_stack_int=\count312
\l__pdf_internal_box=\box87
) (correlation.aux)
\openout1 = `correlation.aux'.

LaTeX Font Info:    Checking defaults for OML/cmm/m/it on input line 29.
LaTeX Font Info:    ... okay on input line 29.
LaTeX Font Info:    Checking defaults for OMS/cmsy/m/n on input line 29.
LaTeX Font Info:    ... okay on input line 29.
LaTeX Font Info:    Checking defaults for OT1/cmr/m/n on input line 29.
LaTeX Font Info:    ... okay on input line 29.
LaTeX Font Info:    Checking defaults for T1/cmr/m/n on input line 29.
LaTeX Font Info:    ... okay on input line 29.
LaTeX Font Info:    Checking defaults for TS1/cmr/m/n on input line 29.
LaTeX Font Info:    ... okay on input line 29.
LaTeX Font Info:    Checking defaults for OMX/cmex/m/n on input line 29.
LaTeX Font Info:    ... okay on input line 29.
LaTeX Font Info:    Checking defaults for U/cmr/m/n on input line 29.
LaTeX Font Info:    ... okay on input line 29.
LaTeX Font Info:    Checking defaults for PD1/pdf/m/n on input line 29.
LaTeX Font Info:    ... okay on input line 29.

("C:\Users\liux3141\AppData\Local\Programs\MiKTeX 2.9\tex/context/base/mkii\sup
p-pdf.mkii"
[Loading MPS to PDF converter (version 2006.09.02).]
\scratchcounter=\count313
\scratchdimen=\dimen276
\scratchbox=\box88
\nofMPsegments=\count314
\nofMParguments=\count315
\everyMPshowfont=\toks48
\MPscratchCnt=\count316
\MPscratchDim=\dimen277
\MPnumerator=\count317
\makeMPintoPDFobject=\count318
\everyMPtoPDFconversion=\toks49
)
("C:\Users\liux3141\AppData\Local\Programs\MiKTeX 2.9\tex/latex/epstopdf-pkg\ep
stopdf-base.sty"
Package: epstopdf-base 2020-01-24 v2.11 Base part for package epstopdf

("C:\Users\liux3141\AppData\Local\Programs\MiKTeX 2.9\tex/latex/grfext\grfext.s
ty"
Package: grfext 2019/12/03 v1.3 Manage graphics extensions (HO)
)
Package epstopdf-base Info: Redefining graphics rule for `.eps' on input line 4
85.
Package grfext Info: Graphics extension search list:
(grfext)             [.pdf,.png,.jpg,.mps,.jpeg,.jbig2,.jb2,.PDF,.PNG,.JPG,.JPE
G,.JBIG2,.JB2,.eps]
(grfext)             \AppendGraphicsExtensions on input line 504.
)
Package hyperref Info: Link coloring ON on input line 29.

("C:\Users\liux3141\AppData\Local\Programs\MiKTeX 2.9\tex/latex/hyperref\namere
f.sty"
Package: nameref 2019/09/16 v2.46 Cross-referencing by name of section

("C:\Users\liux3141\AppData\Local\Programs\MiKTeX 2.9\tex/latex/refcount\refcou
nt.sty"
Package: refcount 2019/12/15 v3.6 Data extraction from label references (HO)
)
("C:\Users\liux3141\AppData\Local\Programs\MiKTeX 2.9\tex/generic/gettitlestrin
g\gettitlestring.sty"
Package: gettitlestring 2019/12/15 v1.6 Cleanup title references (HO)
)
\c@section@level=\count319
)
LaTeX Info: Redefining \ref on input line 29.
LaTeX Info: Redefining \pageref on input line 29.
LaTeX Info: Redefining \nameref on input line 29.
 (correlation.out) (correlation.out)
\@outlinefile=\write5
\openout5 = `correlation.out'.

Class revtex4-2 Info: Taking \maketitle back from hyperref on input line 29.
\openout3 = `correlationNotes.bib'.

LaTeX Font Info:    Trying to load font information for U+msa on input line 62.


("C:\Users\liux3141\AppData\Local\Programs\MiKTeX 2.9\tex/latex/amsfonts\umsa.f
d"
File: umsa.fd 2013/01/14 v3.01 AMS symbols A
)
LaTeX Font Info:    Trying to load font information for U+msb on input line 62.


("C:\Users\liux3141\AppData\Local\Programs\MiKTeX 2.9\tex/latex/amsfonts\umsb.f
d"
File: umsb.fd 2013/01/14 v3.01 AMS symbols B
)
<Figures/fig-1.pdf, id=125, 230.42087pt x 195.36089pt>
File: Figures/fig-1.pdf Graphic file (type pdf)
<use Figures/fig-1.pdf>
Package pdftex.def Info: Figures/fig-1.pdf  used on input line 83.
(pdftex.def)             Requested size: 234.60342pt x 198.91667pt.
 [1{C:/Users/liux3141/AppData/Local/MiKTeX/2.9/pdftex/config/pdftex.map}]

LaTeX Warning: A float is stuck (cannot be placed); try class option [floatfix]
 on input line 115.

<Figures/fig-2.pdf, id=187, 254.75583pt x 307.807pt>
File: Figures/fig-2.pdf Graphic file (type pdf)
<use Figures/fig-2.pdf>
Package pdftex.def Info: Figures/fig-2.pdf  used on input line 120.
(pdftex.def)             Requested size: 234.60342pt x 283.46298pt.
[2pdfTeX warning (ext4): destination with the same identifier (name{figure.1}) 
has been already used, duplicate ignored
<argument> ...shipout:D \box_use:N \l_shipout_box 
                                                  
l.137 
      pdfTeX warning (ext4): destination with the same identifier (name{figure.
2}) has been already used, duplicate ignored
<argument> ...shipout:D \box_use:N \l_shipout_box 
                                                  
l.137 
       <./Figures/fig-1.pdf> <./Figures/fig-2.pdf

pdfTeX warning: pdflatex (file ./Figures/fig-2.pdf): PDF inclusion: multiple pd
fs with page group included in a single page
>]
<Figures/fig-3.pdf, id=11594, 249.3315pt x 194.29036pt>
File: Figures/fig-3.pdf Graphic file (type pdf)
<use Figures/fig-3.pdf>
Package pdftex.def Info: Figures/fig-3.pdf  used on input line 141.
(pdftex.def)             Requested size: 239.70062pt x 186.78639pt.
 [3pdfTeX warning (ext4): destination with the same identifier (name{figure.3})
 has been already used, duplicate ignored
<argument> ...shipout:D \box_use:N \l_shipout_box 
                                                  
l.165 
       <./Figures/fig-3.pdf>]
<Figures/fig-4.pdf, id=13723, 235.98318pt x 185.25333pt>
File: Figures/fig-4.pdf Graphic file (type pdf)
<use Figures/fig-4.pdf>
Package pdftex.def Info: Figures/fig-4.pdf  used on input line 167.
(pdftex.def)             Requested size: 239.70062pt x 188.18134pt.
 [4pdfTeX warning (ext4): destination with the same identifier (name{figure.4})
 has been already used, duplicate ignored
<argument> ...shipout:D \box_use:N \l_shipout_box 
                                                  
l.203 
       <./Figures/fig-4.pdf>]
<Figures/fig-5.pdf, id=14916, 238.56943pt x 294.84525pt>
File: Figures/fig-5.pdf Graphic file (type pdf)
<use Figures/fig-5.pdf>
Package pdftex.def Info: Figures/fig-5.pdf  used on input line 206.
(pdftex.def)             Requested size: 239.70062pt x 296.24818pt.
<Figures/fig-6.pdf, id=14919, 503.21248pt x 269.86855pt>
File: Figures/fig-6.pdf Graphic file (type pdf)
<use Figures/fig-6.pdf>
Package pdftex.def Info: Figures/fig-6.pdf  used on input line 221.
(pdftex.def)             Requested size: 453.89969pt x 243.43123pt.

Underfull \hbox (badness 1776) in paragraph at lines 234--238
[]\OT1/cmr/m/n/10 Both GNF and en-ergy spec-tra probe the scale-
 []

[5pdfTeX warning (ext4): destination with the same identifier (name{figure.5}) 
has been already used, duplicate ignored
<argument> ...shipout:D \box_use:N \l_shipout_box 
                                                  
l.243 
       <./Figures/fig-5.pdf>] [6pdfTeX warning (ext4): destination with the sam
e identifier (name{figure.6}) has been already used, duplicate ignored
<argument> ...shipout:D \box_use:N \l_shipout_box 
                                                  
l.258 
       <./Figures/fig-6.pdf>]
Underfull \hbox (badness 1997) in paragraph at lines 282--283
\OT1/cmr/m/n/10 pump, pro-te-orhodopsin (PR), to wild-type \OT1/cmr/m/it/10 E. 
coli
 []

<Figures/fig-7.pdf, id=22540, 180.675pt x 180.675pt>
File: Figures/fig-7.pdf Graphic file (type pdf)
<use Figures/fig-7.pdf>
Package pdftex.def Info: Figures/fig-7.pdf  used on input line 296.
(pdftex.def)             Requested size: 203.99689pt x 203.9977pt.
[7]
<Figures/fig-8.pdf, id=22551, 252.945pt x 202.356pt>
File: Figures/fig-8.pdf Graphic file (type pdf)
<use Figures/fig-8.pdf>
Package pdftex.def Info: Figures/fig-8.pdf  used on input line 329.
(pdftex.def)             Requested size: 239.70062pt x 191.76468pt.
 [8pdfTeX warning (ext4): destination with the same identifier (name{figure.7})
 has been already used, duplicate ignored
<argument> ...shipout:D \box_use:N \l_shipout_box 
                                                  
l.341 
      pdfTeX warning (ext4): destination with the same identifier (name{figure.
8}) has been already used, duplicate ignored
<argument> ...shipout:D \box_use:N \l_shipout_box 
                                                  
l.341 
       <./Figures/fig-7.pdf> <./Figures/fig-8.pdf

pdfTeX warning: pdflatex (file ./Figures/fig-8.pdf): PDF inclusion: multiple pd
fs with page group included in a single page
>]
<Figures/fig-9.pdf, id=22611, 222.1884pt x 315.94998pt>
File: Figures/fig-9.pdf Graphic file (type pdf)
<use Figures/fig-9.pdf>
Package pdftex.def Info: Figures/fig-9.pdf  used on input line 363.
(pdftex.def)             Requested size: 234.60342pt x 333.6037pt.
 [9]

LaTeX Warning: A float is stuck (cannot be placed); try class option [floatfix]
 on input line 379.

(correlation.bbl
Underfull \hbox (badness 1028) in paragraph at lines 89--99
 \OT1/cmr/m/it/9 the physics of nat-u-ral and syn-thetic ac-tive col-loids,
 []

[10pdfTeX warning (ext4): destination with the same identifier (name{figure.9})
 has been already used, duplicate ignored
<argument> ...shipout:D \box_use:N \l_shipout_box 
                                                  
l.218 ...d\ \citenamefont {Chaikin}}]{Palacci2013}
                                                  % <./Figures/fig-9.pdf>]
Underfull \hbox (badness 1721) in paragraph at lines 246--252
 []\OT1/cmr/m/n/9 J. Toner and Y. Tu, \OT1/cmr/m/it/9 Long-range or-der in a tw
o-
 []


Underfull \hbox (badness 1067) in paragraph at lines 524--530
 []\OT1/cmr/m/n/9 T. Ishikawa, N. Yoshida, H. Ueno, M. Wiede-man,
 []


Underfull \hbox (badness 1975) in paragraph at lines 635--642
 []\OT1/cmr/m/n/9 L. G. Wil-son, V. A. Mar-tinez, J. Schwarz-Linek,
 []

[11]
Underfull \hbox (badness 1147) in paragraph at lines 726--729
 []\OT1/cmr/m/n/9 A. Liber-zon, D. Lasagna, M. Aubert, P. Bachant,
 []

)

Class revtex4-2 Warning: Environment acknowledgements is obsolete;
Use acknowledgments instead.

[12] (correlation.aux)
Package rerunfilecheck Info: File `correlation.out' has not changed.
(rerunfilecheck)             Checksum: 6AD17963BDF74965AD8F233FFB10F273;1671.
 ) 
Here is how much of TeX's memory you used:
 19950 strings out of 479663
 366557 string characters out of 2862133
 688626 words of memory out of 3000000
 36539 multiletter control sequences out of 15000+200000
 417565 words of font info for 79 fonts, out of 3000000 for 9000
 1141 hyphenation exceptions out of 8191
 80i,8n,85p,2039b,609s stack positions out of 5000i,500n,10000p,200000b,50000s
{C:/Users/liux3141/AppData/Local/Programs/MiKTeX 2.9/fonts/enc/dvips/cm-super
/cm-super-ts1.enc}<C:/Users/liux3141/AppData/Local/Programs/MiKTeX 2.9/fonts/ty
pe1/public/amsfonts/cm/cmbx10.pfb><C:/Users/liux3141/AppData/Local/Programs/MiK
TeX 2.9/fonts/type1/public/amsfonts/cm/cmbx12.pfb><C:/Users/liux3141/AppData/Lo
cal/Programs/MiKTeX 2.9/fonts/type1/public/amsfonts/cm/cmbx7.pfb><C:/Users/liux
3141/AppData/Local/Programs/MiKTeX 2.9/fonts/type1/public/amsfonts/cm/cmbx9.pfb
><C:/Users/liux3141/AppData/Local/Programs/MiKTeX 2.9/fonts/type1/public/amsfon
ts/cm/cmbxti10.pfb><C:/Users/liux3141/AppData/Local/Programs/MiKTeX 2.9/fonts/t
ype1/public/amsfonts/cm/cmex10.pfb><C:/Users/liux3141/AppData/Local/Programs/Mi
KTeX 2.9/fonts/type1/public/amsfonts/cm/cmmi10.pfb><C:/Users/liux3141/AppData/L
ocal/Programs/MiKTeX 2.9/fonts/type1/public/amsfonts/cm/cmmi6.pfb><C:/Users/liu
x3141/AppData/Local/Programs/MiKTeX 2.9/fonts/type1/public/amsfonts/cm/cmmi7.pf
b><C:/Users/liux3141/AppData/Local/Programs/MiKTeX 2.9/fonts/type1/public/amsfo
nts/cm/cmmi8.pfb><C:/Users/liux3141/AppData/Local/Programs/MiKTeX 2.9/fonts/typ
e1/public/amsfonts/cm/cmmi9.pfb><C:/Users/liux3141/AppData/Local/Programs/MiKTe
X 2.9/fonts/type1/public/amsfonts/cm/cmmib10.pfb><C:/Users/liux3141/AppData/Loc
al/Programs/MiKTeX 2.9/fonts/type1/public/amsfonts/cmextra/cmmib7.pfb><C:/Users
/liux3141/AppData/Local/Programs/MiKTeX 2.9/fonts/type1/public/amsfonts/cmextra
/cmmib9.pfb><C:/Users/liux3141/AppData/Local/Programs/MiKTeX 2.9/fonts/type1/pu
blic/amsfonts/cm/cmr10.pfb><C:/Users/liux3141/AppData/Local/Programs/MiKTeX 2.9
/fonts/type1/public/amsfonts/cm/cmr5.pfb><C:/Users/liux3141/AppData/Local/Progr
ams/MiKTeX 2.9/fonts/type1/public/amsfonts/cm/cmr6.pfb><C:/Users/liux3141/AppDa
ta/Local/Programs/MiKTeX 2.9/fonts/type1/public/amsfonts/cm/cmr7.pfb><C:/Users/
liux3141/AppData/Local/Programs/MiKTeX 2.9/fonts/type1/public/amsfonts/cm/cmr8.
pfb><C:/Users/liux3141/AppData/Local/Programs/MiKTeX 2.9/fonts/type1/public/ams
fonts/cm/cmr9.pfb><C:/Users/liux3141/AppData/Local/Programs/MiKTeX 2.9/fonts/ty
pe1/public/amsfonts/cm/cmsy10.pfb><C:/Users/liux3141/AppData/Local/Programs/MiK
TeX 2.9/fonts/type1/public/amsfonts/cm/cmsy5.pfb><C:/Users/liux3141/AppData/Loc
al/Programs/MiKTeX 2.9/fonts/type1/public/amsfonts/cm/cmsy6.pfb><C:/Users/liux3
141/AppData/Local/Programs/MiKTeX 2.9/fonts/type1/public/amsfonts/cm/cmsy7.pfb>
<C:/Users/liux3141/AppData/Local/Programs/MiKTeX 2.9/fonts/type1/public/amsfont
s/cm/cmsy9.pfb><C:/Users/liux3141/AppData/Local/Programs/MiKTeX 2.9/fonts/type1
/public/amsfonts/cm/cmti10.pfb><C:/Users/liux3141/AppData/Local/Programs/MiKTeX
 2.9/fonts/type1/public/amsfonts/cm/cmti9.pfb><C:/Users/liux3141/AppData/Local/
Programs/MiKTeX 2.9/fonts/type1/public/amsfonts/cm/cmtt10.pfb><C:/Users/liux314
1/AppData/Local/Programs/MiKTeX 2.9/fonts/type1/public/cm-super/sfrm1000.pfb>
Output written on correlation.pdf (12 pages, 5800262 bytes).
PDF statistics:
 22886 PDF objects out of 26593 (max. 8388607)
 107 named destinations out of 1000 (max. 500000)
 242 words of extra memory for PDF output out of 10000 (max. 10000000)

