\BOOKMARK [0][]{section*.2}{Density Fluctuations and Energy Spectra of 3D Bacterial Suspensions}{}% 2
\BOOKMARK [1][]{section*.1}{Abstract}{section*.2}% 1
\BOOKMARK [1][]{section*.3}{introduction}{section*.2}% 3
\BOOKMARK [1][]{section*.4}{Experiment}{section*.2}% 4
\BOOKMARK [1][]{section*.5}{Results}{section*.2}% 5
\BOOKMARK [2][]{section*.6}{Density fluctuations}{section*.5}% 6
\BOOKMARK [2][]{section*.7}{Energy spectra}{section*.5}% 7
\BOOKMARK [2][]{section*.8}{Density-energy coupling}{section*.5}% 8
\BOOKMARK [1][]{section*.9}{Conclusions}{section*.2}% 9
\BOOKMARK [1][]{section*.10}{Acknowledgments}{section*.2}% 10
\BOOKMARK [1][]{section*.11}{Materials and methods}{section*.2}% 11
\BOOKMARK [2][]{section*.12}{Light-powered E. coli}{section*.11}% 12
\BOOKMARK [2][]{section*.13}{Sample preparation and microscopy}{section*.11}% 13
\BOOKMARK [1][]{section*.14}{Image analysis}{section*.2}% 14
\BOOKMARK [2][]{section*.15}{Density fluctuations}{section*.14}% 15
\BOOKMARK [3][]{section*.16}{Pixel intensity and bacterial number}{section*.15}% 16
\BOOKMARK [3][]{section*.17}{Density fluctuations at different length scales}{section*.15}% 17
\BOOKMARK [3][]{section*.18}{Normalization of bacterial suspensions of different volume fractions}{section*.15}% 18
\BOOKMARK [2][]{section*.19}{Particle image velocimetry \(PIV\)}{section*.14}% 19
\BOOKMARK [2][]{section*.20}{Energy spectra}{section*.14}% 20
\BOOKMARK [2][]{section*.21}{Correlation of local density fluctuations and kinetic energies}{section*.14}% 21
\BOOKMARK [2][]{section*.22}{Density fluctuations in the transient state}{section*.14}% 22
\BOOKMARK [1][]{section*.23}{References}{section*.2}% 23
