\BOOKMARK [0][]{section*.2}{Correlations and Giant Number Fluctuations in 3-D Bacterial Suspenions}{}% 2
\BOOKMARK [1][]{section*.1}{Abstract}{section*.2}% 1
\BOOKMARK [1][]{section*.3}{Introduction}{section*.2}% 3
\BOOKMARK [1][]{section*.4}{Experiment}{section*.2}% 4
\BOOKMARK [2][]{section*.5}{Light-controlled bacteria}{section*.4}% 5
\BOOKMARK [2][]{section*.6}{Sample preparation and microscopy}{section*.4}% 6
\BOOKMARK [2][]{section*.7}{Kinetics}{section*.4}% 7
\BOOKMARK [2][]{section*.8}{Correlation analysis}{section*.4}% 8
\BOOKMARK [3][]{section*.9}{Flow fields}{section*.8}% 9
\BOOKMARK [3][]{section*.10}{Concentration fields}{section*.8}% 10
\BOOKMARK [3][]{section*.11}{Spatial correlations}{section*.8}% 11
\BOOKMARK [3][]{section*.12}{Temporal correlations}{section*.8}% 12
\BOOKMARK [3][]{section*.13}{Coarse-graining}{section*.8}% 13
\BOOKMARK [2][]{section*.14}{Giant number fluctuation analysis}{section*.4}% 14
\BOOKMARK [1][]{section*.15}{Results and discussion}{section*.2}% 15
\BOOKMARK [2][]{section*.16}{Spatial correlations}{section*.15}% 16
\BOOKMARK [2][]{section*.17}{Giant number fluctuations}{section*.15}% 17
\BOOKMARK [3][]{section*.18}{Concentration dependence}{section*.17}% 18
\BOOKMARK [3][]{section*.19}{Kinetics: motility dependence}{section*.17}% 19
\BOOKMARK [3][]{section*.20}{Driving force: correlation between velocity and concentration}{section*.17}% 20
\BOOKMARK [1][]{section*.21}{Conclusions}{section*.2}% 21
\BOOKMARK [1][]{section*.22}{Acknowledgments}{section*.2}% 22
\BOOKMARK [1][]{section*.23}{References}{section*.2}% 23
